#
# There is insufficient memory for the Java Runtime Environment to continue.
# Native memory allocation (mmap) failed to map 65536 bytes for Failed to commit metaspace.
# Possible reasons:
#   The system is out of physical RAM or swap space
#   The process is running with CompressedOops enabled, and the Java Heap may be blocking the growth of the native heap
# Possible solutions:
#   Reduce memory load on the system
#   Increase physical memory or swap space
#   Check if swap backing store is full
#   Decrease Java heap size (-Xmx/-Xms)
#   Decrease number of Java threads
#   Decrease Java thread stack sizes (-Xss)
#   Set larger code cache with -XX:ReservedCodeCacheSize=
#   JVM is running with Zero Based Compressed Oops mode in which the Java heap is
#     placed in the first 32GB address space. The Java Heap base address is the
#     maximum limit for the native heap growth. Please use -XX:HeapBaseMinAddress
#     to set the Java Heap base and to place the Java Heap above 32GB virtual address.
# This output file may be truncated or incomplete.
#
#  Out of Memory Error (virtualSpaceNode.cpp:110), pid=29732, tid=23796
#
# JRE version: OpenJDK Runtime Environment Temurin-17.0.7+7 (17.0.7+7) (build 17.0.7+7)
# Java VM: OpenJDK 64-Bit Server VM Temurin-17.0.7+7 (17.0.7+7, mixed mode, tiered, compressed oops, compressed class ptrs, g1 gc, windows-amd64)
# No core dump will be written. Minidumps are not enabled by default on client versions of Windows
#

---------------  S U M M A R Y ------------

Command Line: -Dfile.encoding=UTF-8 -XX:+ShowCodeDetailsInExceptionMessages org.java.nation.Main

Host: Intel(R) Core(TM) i7-4790K CPU @ 4.00GHz, 8 cores, 15G,  Windows 10 , 64 bit Build 19041 (10.0.19041.3393)
Time: Thu Sep 28 17:00:44 2023 ora legale Europa occidentale elapsed time: 0.447122 seconds (0d 0h 0m 0s)

---------------  T H R E A D  ---------------

Current thread (0x0000020c82cfbc10):  JavaThread "main" [_thread_in_vm, id=23796, stack(0x0000004cc6500000,0x0000004cc6600000)]

Stack: [0x0000004cc6500000,0x0000004cc6600000]
Native frames: (J=compiled Java code, j=interpreted, Vv=VM code, C=native code)
V  [jvm.dll+0x67754a]
V  [jvm.dll+0x834304]
V  [jvm.dll+0x835aae]
V  [jvm.dll+0x836113]
V  [jvm.dll+0x24696f]
V  [jvm.dll+0x83039b]
V  [jvm.dll+0x61c006]
V  [jvm.dll+0x1c169e]
V  [jvm.dll+0x61e961]
V  [jvm.dll+0x61c9a6]
V  [jvm.dll+0x2442bc]
V  [jvm.dll+0x6cdf4d]
V  [jvm.dll+0x6ce97f]
V  [jvm.dll+0x371b23]
V  [jvm.dll+0x370bc4]
V  [jvm.dll+0x370b68]
V  [jvm.dll+0x380a8a]
C  0x0000020c8f0fb6ee

Java frames: (J=compiled Java code, j=interpreted, Vv=VM code)
j  com.mysql.cj.protocol.a.ColumnDefinitionFactory.createFromFields([Lcom/mysql/cj/result/Field;)Lcom/mysql/cj/protocol/ColumnDefinition;+0
j  com.mysql.cj.protocol.a.ColumnDefinitionReader.read(Lcom/mysql/cj/protocol/ProtocolEntityFactory;)Lcom/mysql/cj/protocol/ColumnDefinition;+118
j  com.mysql.cj.protocol.a.ColumnDefinitionReader.read(Lcom/mysql/cj/protocol/ProtocolEntityFactory;)Lcom/mysql/cj/protocol/ProtocolEntity;+2
j  com.mysql.cj.protocol.a.NativeProtocol.read(Ljava/lang/Class;Lcom/mysql/cj/protocol/ProtocolEntityFactory;)Lcom/mysql/cj/protocol/ProtocolEntity;+49
j  com.mysql.cj.protocol.a.TextResultsetReader.read(IZLcom/mysql/cj/protocol/a/NativePacketPayload;Lcom/mysql/cj/protocol/ColumnDefinition;Lcom/mysql/cj/protocol/ProtocolEntityFactory;)Lcom/mysql/cj/protocol/Resultset;+36
j  com.mysql.cj.protocol.a.TextResultsetReader.read(IZLcom/mysql/cj/protocol/Message;Lcom/mysql/cj/protocol/ColumnDefinition;Lcom/mysql/cj/protocol/ProtocolEntityFactory;)Lcom/mysql/cj/protocol/ProtocolEntity;+11
j  com.mysql.cj.protocol.a.NativeProtocol.read(Ljava/lang/Class;IZLcom/mysql/cj/protocol/a/NativePacketPayload;ZLcom/mysql/cj/protocol/ColumnDefinition;Lcom/mysql/cj/protocol/ProtocolEntityFactory;)Lcom/mysql/cj/protocol/ProtocolEntity;+80
j  com.mysql.cj.protocol.a.NativeProtocol.readAllResults(IZLcom/mysql/cj/protocol/a/NativePacketPayload;ZLcom/mysql/cj/protocol/ColumnDefinition;Lcom/mysql/cj/protocol/ProtocolEntityFactory;)Lcom/mysql/cj/protocol/Resultset;+17
j  com.mysql.cj.NativeSession.loadServerVariables(Ljava/lang/Object;Ljava/lang/String;)V+655
j  com.mysql.cj.jdbc.ConnectionImpl.initializePropsFromServer()V+113
j  com.mysql.cj.jdbc.ConnectionImpl.connectOneTryOnly(Z)V+72
j  com.mysql.cj.jdbc.ConnectionImpl.createNewIO(Z)V+27
j  com.mysql.cj.jdbc.ConnectionImpl.<init>(Lcom/mysql/cj/conf/HostInfo;)V+753
j  com.mysql.cj.jdbc.ConnectionImpl.getInstance(Lcom/mysql/cj/conf/HostInfo;)Lcom/mysql/cj/jdbc/JdbcConnection;+5
j  com.mysql.cj.jdbc.NonRegisteringDriver.connect(Ljava/lang/String;Ljava/util/Properties;)Ljava/sql/Connection;+72
j  java.sql.DriverManager.getConnection(Ljava/lang/String;Ljava/util/Properties;Ljava/lang/Class;)Ljava/sql/Connection;+131 java.sql@17.0.7
j  java.sql.DriverManager.getConnection(Ljava/lang/String;Ljava/lang/String;Ljava/lang/String;)Ljava/sql/Connection;+37 java.sql@17.0.7
j  org.java.nation.Main.main([Ljava/lang/String;)V+21
v  ~StubRoutines::call_stub

---------------  P R O C E S S  ---------------

Threads class SMR info:
_java_thread_list=0x0000020ca3c3bf50, length=14, elements={
0x0000020c82cfbc10, 0x0000020ca3908020, 0x0000020ca3909580, 0x0000020ca3911d40,
0x0000020ca3950000, 0x0000020ca3951060, 0x0000020ca3952860, 0x0000020ca3959110,
0x0000020ca3959e70, 0x0000020ca396c370, 0x0000020ca3acc810, 0x0000020ca3af6d10,
0x0000020ca3b8a070, 0x0000020ca3ccdfd0
}

Java Threads: ( => current thread )
=>0x0000020c82cfbc10 JavaThread "main" [_thread_in_vm, id=23796, stack(0x0000004cc6500000,0x0000004cc6600000)]
  0x0000020ca3908020 JavaThread "Reference Handler" daemon [_thread_blocked, id=21300, stack(0x0000004cc6c00000,0x0000004cc6d00000)]
  0x0000020ca3909580 JavaThread "Finalizer" daemon [_thread_blocked, id=31960, stack(0x0000004cc6d00000,0x0000004cc6e00000)]
  0x0000020ca3911d40 JavaThread "Signal Dispatcher" daemon [_thread_blocked, id=15532, stack(0x0000004cc6e00000,0x0000004cc6f00000)]
  0x0000020ca3950000 JavaThread "Attach Listener" daemon [_thread_blocked, id=13548, stack(0x0000004cc6f00000,0x0000004cc7000000)]
  0x0000020ca3951060 JavaThread "Service Thread" daemon [_thread_blocked, id=10668, stack(0x0000004cc7000000,0x0000004cc7100000)]
  0x0000020ca3952860 JavaThread "Monitor Deflation Thread" daemon [_thread_blocked, id=26240, stack(0x0000004cc7100000,0x0000004cc7200000)]
  0x0000020ca3959110 JavaThread "C2 CompilerThread0" daemon [_thread_blocked, id=27704, stack(0x0000004cc7200000,0x0000004cc7300000)]
  0x0000020ca3959e70 JavaThread "C1 CompilerThread0" daemon [_thread_blocked, id=31720, stack(0x0000004cc7300000,0x0000004cc7400000)]
  0x0000020ca396c370 JavaThread "Sweeper thread" daemon [_thread_blocked, id=32456, stack(0x0000004cc7400000,0x0000004cc7500000)]
  0x0000020ca3acc810 JavaThread "Notification Thread" daemon [_thread_blocked, id=32696, stack(0x0000004cc7500000,0x0000004cc7600000)]
  0x0000020ca3af6d10 JavaThread "Common-Cleaner" daemon [_thread_blocked, id=25592, stack(0x0000004cc7700000,0x0000004cc7800000)]
  0x0000020ca3b8a070 JavaThread "mysql-cj-abandoned-connection-cleanup" daemon [_thread_blocked, id=26032, stack(0x0000004cc7800000,0x0000004cc7900000)]
  0x0000020ca3ccdfd0 JavaThread "C2 CompilerThread1" daemon [_thread_blocked, id=22488, stack(0x0000004cc7900000,0x0000004cc7a00000)]

Other Threads:
  0x0000020ca38b7530 VMThread "VM Thread" [stack: 0x0000004cc6b00000,0x0000004cc6c00000] [id=20132]
  0x0000020ca3ad2d00 WatcherThread [stack: 0x0000004cc7600000,0x0000004cc7700000] [id=22580]
  0x0000020c82d6b120 GCTaskThread "GC Thread#0" [stack: 0x0000004cc6600000,0x0000004cc6700000] [id=29184]
  0x0000020c82d7d630 ConcurrentGCThread "G1 Main Marker" [stack: 0x0000004cc6700000,0x0000004cc6800000] [id=29928]
  0x0000020c82d7df50 ConcurrentGCThread "G1 Conc#0" [stack: 0x0000004cc6800000,0x0000004cc6900000] [id=13220]
  0x0000020c82dcdb20 ConcurrentGCThread "G1 Refine#0" [stack: 0x0000004cc6900000,0x0000004cc6a00000] [id=7120]
  0x0000020c82dce450 ConcurrentGCThread "G1 Service" [stack: 0x0000004cc6a00000,0x0000004cc6b00000] [id=21404]

Threads with active compile tasks:

VM state: not at safepoint (normal execution)

VM Mutex/Monitor currently owned by a thread:  ([mutex/lock_event])
[0x0000020c82cf4ca0] Metaspace_lock - owner thread: 0x0000020c82cfbc10

Heap address: 0x0000000700e00000, size: 4082 MB, Compressed Oops mode: Zero based, Oop shift amount: 3

CDS archive(s) not mapped
Compressed class space mapped at: 0x0000000800000000-0x0000000840000000, reserved size: 1073741824
Narrow klass base: 0x0000000800000000, Narrow klass shift: 0, Narrow klass range: 0x40000000

GC Precious Log:
 CPUs: 8 total, 8 available
 Memory: 16326M
 Large Page Support: Disabled
 NUMA Support: Disabled
 Compressed Oops: Enabled (Zero based)
 Heap Region Size: 2M
 Heap Min Capacity: 8M
 Heap Initial Capacity: 256M
 Heap Max Capacity: 4082M
 Pre-touch: Disabled
 Parallel Workers: 8
 Concurrent Workers: 2
 Concurrent Refinement Workers: 8
 Periodic GC: Disabled

Heap:
 garbage-first heap   total 262144K, used 10240K [0x0000000700e00000, 0x0000000800000000)
  region size 2048K, 6 young (12288K), 0 survivors (0K)
 Metaspace       used 12002K, committed 12096K, reserved 1114112K
  class space    used 1089K, committed 1152K, reserved 1048576K

Heap Regions: E=young(eden), S=young(survivor), O=old, HS=humongous(starts), HC=humongous(continues), CS=collection set, F=free, OA=open archive, CA=closed archive, TAMS=top-at-mark-start (previous, next)
|   0|0x0000000700e00000, 0x0000000700e00000, 0x0000000701000000|  0%| F|  |TAMS 0x0000000700e00000, 0x0000000700e00000| Untracked 
|   1|0x0000000701000000, 0x0000000701000000, 0x0000000701200000|  0%| F|  |TAMS 0x0000000701000000, 0x0000000701000000| Untracked 
|   2|0x0000000701200000, 0x0000000701200000, 0x0000000701400000|  0%| F|  |TAMS 0x0000000701200000, 0x0000000701200000| Untracked 
|   3|0x0000000701400000, 0x0000000701400000, 0x0000000701600000|  0%| F|  |TAMS 0x0000000701400000, 0x0000000701400000| Untracked 
|   4|0x0000000701600000, 0x0000000701600000, 0x0000000701800000|  0%| F|  |TAMS 0x0000000701600000, 0x0000000701600000| Untracked 
|   5|0x0000000701800000, 0x0000000701800000, 0x0000000701a00000|  0%| F|  |TAMS 0x0000000701800000, 0x0000000701800000| Untracked 
|   6|0x0000000701a00000, 0x0000000701a00000, 0x0000000701c00000|  0%| F|  |TAMS 0x0000000701a00000, 0x0000000701a00000| Untracked 
|   7|0x0000000701c00000, 0x0000000701c00000, 0x0000000701e00000|  0%| F|  |TAMS 0x0000000701c00000, 0x0000000701c00000| Untracked 
|   8|0x0000000701e00000, 0x0000000701e00000, 0x0000000702000000|  0%| F|  |TAMS 0x0000000701e00000, 0x0000000701e00000| Untracked 
|   9|0x0000000702000000, 0x0000000702000000, 0x0000000702200000|  0%| F|  |TAMS 0x0000000702000000, 0x0000000702000000| Untracked 
|  10|0x0000000702200000, 0x0000000702200000, 0x0000000702400000|  0%| F|  |TAMS 0x0000000702200000, 0x0000000702200000| Untracked 
|  11|0x0000000702400000, 0x0000000702400000, 0x0000000702600000|  0%| F|  |TAMS 0x0000000702400000, 0x0000000702400000| Untracked 
|  12|0x0000000702600000, 0x0000000702600000, 0x0000000702800000|  0%| F|  |TAMS 0x0000000702600000, 0x0000000702600000| Untracked 
|  13|0x0000000702800000, 0x0000000702800000, 0x0000000702a00000|  0%| F|  |TAMS 0x0000000702800000, 0x0000000702800000| Untracked 
|  14|0x0000000702a00000, 0x0000000702a00000, 0x0000000702c00000|  0%| F|  |TAMS 0x0000000702a00000, 0x0000000702a00000| Untracked 
|  15|0x0000000702c00000, 0x0000000702c00000, 0x0000000702e00000|  0%| F|  |TAMS 0x0000000702c00000, 0x0000000702c00000| Untracked 
|  16|0x0000000702e00000, 0x0000000702e00000, 0x0000000703000000|  0%| F|  |TAMS 0x0000000702e00000, 0x0000000702e00000| Untracked 
|  17|0x0000000703000000, 0x0000000703000000, 0x0000000703200000|  0%| F|  |TAMS 0x0000000703000000, 0x0000000703000000| Untracked 
|  18|0x0000000703200000, 0x0000000703200000, 0x0000000703400000|  0%| F|  |TAMS 0x0000000703200000, 0x0000000703200000| Untracked 
|  19|0x0000000703400000, 0x0000000703400000, 0x0000000703600000|  0%| F|  |TAMS 0x0000000703400000, 0x0000000703400000| Untracked 
|  20|0x0000000703600000, 0x0000000703600000, 0x0000000703800000|  0%| F|  |TAMS 0x0000000703600000, 0x0000000703600000| Untracked 
|  21|0x0000000703800000, 0x0000000703800000, 0x0000000703a00000|  0%| F|  |TAMS 0x0000000703800000, 0x0000000703800000| Untracked 
|  22|0x0000000703a00000, 0x0000000703a00000, 0x0000000703c00000|  0%| F|  |TAMS 0x0000000703a00000, 0x0000000703a00000| Untracked 
|  23|0x0000000703c00000, 0x0000000703c00000, 0x0000000703e00000|  0%| F|  |TAMS 0x0000000703c00000, 0x0000000703c00000| Untracked 
|  24|0x0000000703e00000, 0x0000000703e00000, 0x0000000704000000|  0%| F|  |TAMS 0x0000000703e00000, 0x0000000703e00000| Untracked 
|  25|0x0000000704000000, 0x0000000704000000, 0x0000000704200000|  0%| F|  |TAMS 0x0000000704000000, 0x0000000704000000| Untracked 
|  26|0x0000000704200000, 0x0000000704200000, 0x0000000704400000|  0%| F|  |TAMS 0x0000000704200000, 0x0000000704200000| Untracked 
|  27|0x0000000704400000, 0x0000000704400000, 0x0000000704600000|  0%| F|  |TAMS 0x0000000704400000, 0x0000000704400000| Untracked 
|  28|0x0000000704600000, 0x0000000704600000, 0x0000000704800000|  0%| F|  |TAMS 0x0000000704600000, 0x0000000704600000| Untracked 
|  29|0x0000000704800000, 0x0000000704800000, 0x0000000704a00000|  0%| F|  |TAMS 0x0000000704800000, 0x0000000704800000| Untracked 
|  30|0x0000000704a00000, 0x0000000704a00000, 0x0000000704c00000|  0%| F|  |TAMS 0x0000000704a00000, 0x0000000704a00000| Untracked 
|  31|0x0000000704c00000, 0x0000000704c00000, 0x0000000704e00000|  0%| F|  |TAMS 0x0000000704c00000, 0x0000000704c00000| Untracked 
|  32|0x0000000704e00000, 0x0000000704e00000, 0x0000000705000000|  0%| F|  |TAMS 0x0000000704e00000, 0x0000000704e00000| Untracked 
|  33|0x0000000705000000, 0x0000000705000000, 0x0000000705200000|  0%| F|  |TAMS 0x0000000705000000, 0x0000000705000000| Untracked 
|  34|0x0000000705200000, 0x0000000705200000, 0x0000000705400000|  0%| F|  |TAMS 0x0000000705200000, 0x0000000705200000| Untracked 
|  35|0x0000000705400000, 0x0000000705400000, 0x0000000705600000|  0%| F|  |TAMS 0x0000000705400000, 0x0000000705400000| Untracked 
|  36|0x0000000705600000, 0x0000000705600000, 0x0000000705800000|  0%| F|  |TAMS 0x0000000705600000, 0x0000000705600000| Untracked 
|  37|0x0000000705800000, 0x0000000705800000, 0x0000000705a00000|  0%| F|  |TAMS 0x0000000705800000, 0x0000000705800000| Untracked 
|  38|0x0000000705a00000, 0x0000000705a00000, 0x0000000705c00000|  0%| F|  |TAMS 0x0000000705a00000, 0x0000000705a00000| Untracked 
|  39|0x0000000705c00000, 0x0000000705c00000, 0x0000000705e00000|  0%| F|  |TAMS 0x0000000705c00000, 0x0000000705c00000| Untracked 
|  40|0x0000000705e00000, 0x0000000705e00000, 0x0000000706000000|  0%| F|  |TAMS 0x0000000705e00000, 0x0000000705e00000| Untracked 
|  41|0x0000000706000000, 0x0000000706000000, 0x0000000706200000|  0%| F|  |TAMS 0x0000000706000000, 0x0000000706000000| Untracked 
|  42|0x0000000706200000, 0x0000000706200000, 0x0000000706400000|  0%| F|  |TAMS 0x0000000706200000, 0x0000000706200000| Untracked 
|  43|0x0000000706400000, 0x0000000706400000, 0x0000000706600000|  0%| F|  |TAMS 0x0000000706400000, 0x0000000706400000| Untracked 
|  44|0x0000000706600000, 0x0000000706600000, 0x0000000706800000|  0%| F|  |TAMS 0x0000000706600000, 0x0000000706600000| Untracked 
|  45|0x0000000706800000, 0x0000000706800000, 0x0000000706a00000|  0%| F|  |TAMS 0x0000000706800000, 0x0000000706800000| Untracked 
|  46|0x0000000706a00000, 0x0000000706a00000, 0x0000000706c00000|  0%| F|  |TAMS 0x0000000706a00000, 0x0000000706a00000| Untracked 
|  47|0x0000000706c00000, 0x0000000706c00000, 0x0000000706e00000|  0%| F|  |TAMS 0x0000000706c00000, 0x0000000706c00000| Untracked 
|  48|0x0000000706e00000, 0x0000000706e00000, 0x0000000707000000|  0%| F|  |TAMS 0x0000000706e00000, 0x0000000706e00000| Untracked 
|  49|0x0000000707000000, 0x0000000707000000, 0x0000000707200000|  0%| F|  |TAMS 0x0000000707000000, 0x0000000707000000| Untracked 
|  50|0x0000000707200000, 0x0000000707200000, 0x0000000707400000|  0%| F|  |TAMS 0x0000000707200000, 0x0000000707200000| Untracked 
|  51|0x0000000707400000, 0x0000000707400000, 0x0000000707600000|  0%| F|  |TAMS 0x0000000707400000, 0x0000000707400000| Untracked 
|  52|0x0000000707600000, 0x0000000707600000, 0x0000000707800000|  0%| F|  |TAMS 0x0000000707600000, 0x0000000707600000| Untracked 
|  53|0x0000000707800000, 0x0000000707800000, 0x0000000707a00000|  0%| F|  |TAMS 0x0000000707800000, 0x0000000707800000| Untracked 
|  54|0x0000000707a00000, 0x0000000707a00000, 0x0000000707c00000|  0%| F|  |TAMS 0x0000000707a00000, 0x0000000707a00000| Untracked 
|  55|0x0000000707c00000, 0x0000000707c00000, 0x0000000707e00000|  0%| F|  |TAMS 0x0000000707c00000, 0x0000000707c00000| Untracked 
|  56|0x0000000707e00000, 0x0000000707e00000, 0x0000000708000000|  0%| F|  |TAMS 0x0000000707e00000, 0x0000000707e00000| Untracked 
|  57|0x0000000708000000, 0x0000000708000000, 0x0000000708200000|  0%| F|  |TAMS 0x0000000708000000, 0x0000000708000000| Untracked 
|  58|0x0000000708200000, 0x0000000708200000, 0x0000000708400000|  0%| F|  |TAMS 0x0000000708200000, 0x0000000708200000| Untracked 
|  59|0x0000000708400000, 0x0000000708400000, 0x0000000708600000|  0%| F|  |TAMS 0x0000000708400000, 0x0000000708400000| Untracked 
|  60|0x0000000708600000, 0x0000000708600000, 0x0000000708800000|  0%| F|  |TAMS 0x0000000708600000, 0x0000000708600000| Untracked 
|  61|0x0000000708800000, 0x0000000708800000, 0x0000000708a00000|  0%| F|  |TAMS 0x0000000708800000, 0x0000000708800000| Untracked 
|  62|0x0000000708a00000, 0x0000000708a00000, 0x0000000708c00000|  0%| F|  |TAMS 0x0000000708a00000, 0x0000000708a00000| Untracked 
|  63|0x0000000708c00000, 0x0000000708c00000, 0x0000000708e00000|  0%| F|  |TAMS 0x0000000708c00000, 0x0000000708c00000| Untracked 
|  64|0x0000000708e00000, 0x0000000708e00000, 0x0000000709000000|  0%| F|  |TAMS 0x0000000708e00000, 0x0000000708e00000| Untracked 
|  65|0x0000000709000000, 0x0000000709000000, 0x0000000709200000|  0%| F|  |TAMS 0x0000000709000000, 0x0000000709000000| Untracked 
|  66|0x0000000709200000, 0x0000000709200000, 0x0000000709400000|  0%| F|  |TAMS 0x0000000709200000, 0x0000000709200000| Untracked 
|  67|0x0000000709400000, 0x0000000709400000, 0x0000000709600000|  0%| F|  |TAMS 0x0000000709400000, 0x0000000709400000| Untracked 
|  68|0x0000000709600000, 0x0000000709600000, 0x0000000709800000|  0%| F|  |TAMS 0x0000000709600000, 0x0000000709600000| Untracked 
|  69|0x0000000709800000, 0x0000000709800000, 0x0000000709a00000|  0%| F|  |TAMS 0x0000000709800000, 0x0000000709800000| Untracked 
|  70|0x0000000709a00000, 0x0000000709a00000, 0x0000000709c00000|  0%| F|  |TAMS 0x0000000709a00000, 0x0000000709a00000| Untracked 
|  71|0x0000000709c00000, 0x0000000709c00000, 0x0000000709e00000|  0%| F|  |TAMS 0x0000000709c00000, 0x0000000709c00000| Untracked 
|  72|0x0000000709e00000, 0x0000000709e00000, 0x000000070a000000|  0%| F|  |TAMS 0x0000000709e00000, 0x0000000709e00000| Untracked 
|  73|0x000000070a000000, 0x000000070a000000, 0x000000070a200000|  0%| F|  |TAMS 0x000000070a000000, 0x000000070a000000| Untracked 
|  74|0x000000070a200000, 0x000000070a200000, 0x000000070a400000|  0%| F|  |TAMS 0x000000070a200000, 0x000000070a200000| Untracked 
|  75|0x000000070a400000, 0x000000070a400000, 0x000000070a600000|  0%| F|  |TAMS 0x000000070a400000, 0x000000070a400000| Untracked 
|  76|0x000000070a600000, 0x000000070a600000, 0x000000070a800000|  0%| F|  |TAMS 0x000000070a600000, 0x000000070a600000| Untracked 
|  77|0x000000070a800000, 0x000000070a800000, 0x000000070aa00000|  0%| F|  |TAMS 0x000000070a800000, 0x000000070a800000| Untracked 
|  78|0x000000070aa00000, 0x000000070aa00000, 0x000000070ac00000|  0%| F|  |TAMS 0x000000070aa00000, 0x000000070aa00000| Untracked 
|  79|0x000000070ac00000, 0x000000070ac00000, 0x000000070ae00000|  0%| F|  |TAMS 0x000000070ac00000, 0x000000070ac00000| Untracked 
|  80|0x000000070ae00000, 0x000000070ae00000, 0x000000070b000000|  0%| F|  |TAMS 0x000000070ae00000, 0x000000070ae00000| Untracked 
|  81|0x000000070b000000, 0x000000070b000000, 0x000000070b200000|  0%| F|  |TAMS 0x000000070b000000, 0x000000070b000000| Untracked 
|  82|0x000000070b200000, 0x000000070b200000, 0x000000070b400000|  0%| F|  |TAMS 0x000000070b200000, 0x000000070b200000| Untracked 
|  83|0x000000070b400000, 0x000000070b400000, 0x000000070b600000|  0%| F|  |TAMS 0x000000070b400000, 0x000000070b400000| Untracked 
|  84|0x000000070b600000, 0x000000070b600000, 0x000000070b800000|  0%| F|  |TAMS 0x000000070b600000, 0x000000070b600000| Untracked 
|  85|0x000000070b800000, 0x000000070b800000, 0x000000070ba00000|  0%| F|  |TAMS 0x000000070b800000, 0x000000070b800000| Untracked 
|  86|0x000000070ba00000, 0x000000070ba00000, 0x000000070bc00000|  0%| F|  |TAMS 0x000000070ba00000, 0x000000070ba00000| Untracked 
|  87|0x000000070bc00000, 0x000000070bc00000, 0x000000070be00000|  0%| F|  |TAMS 0x000000070bc00000, 0x000000070bc00000| Untracked 
|  88|0x000000070be00000, 0x000000070be00000, 0x000000070c000000|  0%| F|  |TAMS 0x000000070be00000, 0x000000070be00000| Untracked 
|  89|0x000000070c000000, 0x000000070c000000, 0x000000070c200000|  0%| F|  |TAMS 0x000000070c000000, 0x000000070c000000| Untracked 
|  90|0x000000070c200000, 0x000000070c200000, 0x000000070c400000|  0%| F|  |TAMS 0x000000070c200000, 0x000000070c200000| Untracked 
|  91|0x000000070c400000, 0x000000070c400000, 0x000000070c600000|  0%| F|  |TAMS 0x000000070c400000, 0x000000070c400000| Untracked 
|  92|0x000000070c600000, 0x000000070c600000, 0x000000070c800000|  0%| F|  |TAMS 0x000000070c600000, 0x000000070c600000| Untracked 
|  93|0x000000070c800000, 0x000000070c800000, 0x000000070ca00000|  0%| F|  |TAMS 0x000000070c800000, 0x000000070c800000| Untracked 
|  94|0x000000070ca00000, 0x000000070ca00000, 0x000000070cc00000|  0%| F|  |TAMS 0x000000070ca00000, 0x000000070ca00000| Untracked 
|  95|0x000000070cc00000, 0x000000070cc00000, 0x000000070ce00000|  0%| F|  |TAMS 0x000000070cc00000, 0x000000070cc00000| Untracked 
|  96|0x000000070ce00000, 0x000000070ce00000, 0x000000070d000000|  0%| F|  |TAMS 0x000000070ce00000, 0x000000070ce00000| Untracked 
|  97|0x000000070d000000, 0x000000070d000000, 0x000000070d200000|  0%| F|  |TAMS 0x000000070d000000, 0x000000070d000000| Untracked 
|  98|0x000000070d200000, 0x000000070d200000, 0x000000070d400000|  0%| F|  |TAMS 0x000000070d200000, 0x000000070d200000| Untracked 
|  99|0x000000070d400000, 0x000000070d400000, 0x000000070d600000|  0%| F|  |TAMS 0x000000070d400000, 0x000000070d400000| Untracked 
| 100|0x000000070d600000, 0x000000070d600000, 0x000000070d800000|  0%| F|  |TAMS 0x000000070d600000, 0x000000070d600000| Untracked 
| 101|0x000000070d800000, 0x000000070d800000, 0x000000070da00000|  0%| F|  |TAMS 0x000000070d800000, 0x000000070d800000| Untracked 
| 102|0x000000070da00000, 0x000000070da00000, 0x000000070dc00000|  0%| F|  |TAMS 0x000000070da00000, 0x000000070da00000| Untracked 
| 103|0x000000070dc00000, 0x000000070dc00000, 0x000000070de00000|  0%| F|  |TAMS 0x000000070dc00000, 0x000000070dc00000| Untracked 
| 104|0x000000070de00000, 0x000000070de00000, 0x000000070e000000|  0%| F|  |TAMS 0x000000070de00000, 0x000000070de00000| Untracked 
| 105|0x000000070e000000, 0x000000070e000000, 0x000000070e200000|  0%| F|  |TAMS 0x000000070e000000, 0x000000070e000000| Untracked 
| 106|0x000000070e200000, 0x000000070e200000, 0x000000070e400000|  0%| F|  |TAMS 0x000000070e200000, 0x000000070e200000| Untracked 
| 107|0x000000070e400000, 0x000000070e400000, 0x000000070e600000|  0%| F|  |TAMS 0x000000070e400000, 0x000000070e400000| Untracked 
| 108|0x000000070e600000, 0x000000070e600000, 0x000000070e800000|  0%| F|  |TAMS 0x000000070e600000, 0x000000070e600000| Untracked 
| 109|0x000000070e800000, 0x000000070e800000, 0x000000070ea00000|  0%| F|  |TAMS 0x000000070e800000, 0x000000070e800000| Untracked 
| 110|0x000000070ea00000, 0x000000070ea00000, 0x000000070ec00000|  0%| F|  |TAMS 0x000000070ea00000, 0x000000070ea00000| Untracked 
| 111|0x000000070ec00000, 0x000000070ec00000, 0x000000070ee00000|  0%| F|  |TAMS 0x000000070ec00000, 0x000000070ec00000| Untracked 
| 112|0x000000070ee00000, 0x000000070ee00000, 0x000000070f000000|  0%| F|  |TAMS 0x000000070ee00000, 0x000000070ee00000| Untracked 
| 113|0x000000070f000000, 0x000000070f000000, 0x000000070f200000|  0%| F|  |TAMS 0x000000070f000000, 0x000000070f000000| Untracked 
| 114|0x000000070f200000, 0x000000070f200000, 0x000000070f400000|  0%| F|  |TAMS 0x000000070f200000, 0x000000070f200000| Untracked 
| 115|0x000000070f400000, 0x000000070f400000, 0x000000070f600000|  0%| F|  |TAMS 0x000000070f400000, 0x000000070f400000| Untracked 
| 116|0x000000070f600000, 0x000000070f600000, 0x000000070f800000|  0%| F|  |TAMS 0x000000070f600000, 0x000000070f600000| Untracked 
| 117|0x000000070f800000, 0x000000070f800000, 0x000000070fa00000|  0%| F|  |TAMS 0x000000070f800000, 0x000000070f800000| Untracked 
| 118|0x000000070fa00000, 0x000000070fa00000, 0x000000070fc00000|  0%| F|  |TAMS 0x000000070fa00000, 0x000000070fa00000| Untracked 
| 119|0x000000070fc00000, 0x000000070fc00000, 0x000000070fe00000|  0%| F|  |TAMS 0x000000070fc00000, 0x000000070fc00000| Untracked 
| 120|0x000000070fe00000, 0x000000070fe00000, 0x0000000710000000|  0%| F|  |TAMS 0x000000070fe00000, 0x000000070fe00000| Untracked 
| 121|0x0000000710000000, 0x0000000710000000, 0x0000000710200000|  0%| F|  |TAMS 0x0000000710000000, 0x0000000710000000| Untracked 
| 122|0x0000000710200000, 0x00000007103c59c8, 0x0000000710400000| 88%| E|  |TAMS 0x0000000710200000, 0x0000000710200000| Complete 
| 123|0x0000000710400000, 0x0000000710600000, 0x0000000710600000|100%| E|CS|TAMS 0x0000000710400000, 0x0000000710400000| Complete 
| 124|0x0000000710600000, 0x0000000710800000, 0x0000000710800000|100%| E|CS|TAMS 0x0000000710600000, 0x0000000710600000| Complete 
| 125|0x0000000710800000, 0x0000000710a00000, 0x0000000710a00000|100%| E|CS|TAMS 0x0000000710800000, 0x0000000710800000| Complete 
| 126|0x0000000710a00000, 0x0000000710c00000, 0x0000000710c00000|100%| E|CS|TAMS 0x0000000710a00000, 0x0000000710a00000| Complete 
| 127|0x0000000710c00000, 0x0000000710e00000, 0x0000000710e00000|100%| E|CS|TAMS 0x0000000710c00000, 0x0000000710c00000| Complete 

Card table byte_map: [0x0000020c97e20000,0x0000020c98620000] _byte_map_base: 0x0000020c94619000

Marking Bits (Prev, Next): (CMBitMap*) 0x0000020c82d6c650, (CMBitMap*) 0x0000020c82d6c690
 Prev Bits: [0x0000020c98e20000, 0x0000020c9cde8000)
 Next Bits: [0x0000020c9cdf0000, 0x0000020ca0db8000)

Polling page: 0x0000020c82dd0000

Metaspace:

Usage:
  Non-class:     10.66 MB used.
      Class:      1.06 MB used.
       Both:     11.72 MB used.

Virtual space:
  Non-class space:       64.00 MB reserved,      10.69 MB ( 17%) committed,  1 nodes.
      Class space:        1.00 GB reserved,       1.12 MB ( <1%) committed,  1 nodes.
             Both:        1.06 GB reserved,      11.81 MB (  1%) committed. 

Chunk freelists:
   Non-Class:  4.80 MB
       Class:  14.69 MB
        Both:  19.48 MB

MaxMetaspaceSize: unlimited
CompressedClassSpaceSize: 1.00 GB
Initial GC threshold: 21.00 MB
Current GC threshold: 21.00 MB
CDS: off
MetaspaceReclaimPolicy: balanced
 - commit_granule_bytes: 65536.
 - commit_granule_words: 8192.
 - virtual_space_node_default_size: 8388608.
 - enlarge_chunks_in_place: 1.
 - new_chunks_are_fully_committed: 0.
 - uncommit_free_chunks: 1.
 - use_allocation_guard: 0.
 - handle_deallocations: 1.


Internal statistics:

num_allocs_failed_limit: 0.
num_arena_births: 38.
num_arena_deaths: 0.
num_vsnodes_births: 2.
num_vsnodes_deaths: 0.
num_space_committed: 189.
num_space_uncommitted: 0.
num_chunks_returned_to_freelist: 0.
num_chunks_taken_from_freelist: 156.
num_chunk_merges: 0.
num_chunk_splits: 107.
num_chunks_enlarged: 82.
num_inconsistent_stats: 0.

CodeHeap 'non-profiled nmethods': size=120000Kb used=241Kb max_used=241Kb free=119758Kb
 bounds [0x0000020c8f680000, 0x0000020c8f8f0000, 0x0000020c96bb0000]
CodeHeap 'profiled nmethods': size=120000Kb used=1179Kb max_used=1179Kb free=118820Kb
 bounds [0x0000020c87bb0000, 0x0000020c87e20000, 0x0000020c8f0e0000]
CodeHeap 'non-nmethods': size=5760Kb used=1171Kb max_used=1184Kb free=4588Kb
 bounds [0x0000020c8f0e0000, 0x0000020c8f350000, 0x0000020c8f680000]
 total_blobs=1163 nmethods=696 adapters=380
 compilation: enabled
              stopped_count=0, restarted_count=0
 full_count=0

Compilation events (20 events):
Event: 0.443 Thread 0x0000020ca3959e70 nmethod 685 0x0000020c87cd2790 code [0x0000020c87cd2940, 0x0000020c87cd2b28]
Event: 0.443 Thread 0x0000020ca3959e70  683   !   3       java.util.zip.ZipFile::getEntry (59 bytes)
Event: 0.443 Thread 0x0000020ca3959110 nmethod 677 0x0000020c8f6ba690 code [0x0000020c8f6ba840, 0x0000020c8f6baec8]
Event: 0.444 Thread 0x0000020ca3ccdfd0 nmethod 680 0x0000020c8f6bb310 code [0x0000020c8f6bb4a0, 0x0000020c8f6bb8f8]
Event: 0.444 Thread 0x0000020ca3959e70 nmethod 683 0x0000020c87cd2c10 code [0x0000020c87cd2e00, 0x0000020c87cd3278]
Event: 0.444 Thread 0x0000020ca3959e70  686       3       java.lang.ClassLoader::compareCerts (197 bytes)
Event: 0.444 Thread 0x0000020ca3959e70 nmethod 686 0x0000020c87cd3510 code [0x0000020c87cd3720, 0x0000020c87cd3ff8]
Event: 0.444 Thread 0x0000020ca3959e70  687       3       java.io.FileSystem::hasBooleanAttributes (17 bytes)
Event: 0.445 Thread 0x0000020ca3959e70 nmethod 687 0x0000020c87cd4310 code [0x0000020c87cd44c0, 0x0000020c87cd4668]
Event: 0.445 Thread 0x0000020ca3959e70  689       3       java.util.jar.JarFile::getEntry (35 bytes)
Event: 0.445 Thread 0x0000020ca3959e70 nmethod 689 0x0000020c87cd4710 code [0x0000020c87cd4900, 0x0000020c87cd4d98]
Event: 0.445 Thread 0x0000020ca3959e70  690       3       java.util.zip.ZipFile$ZipFileInflaterInputStream::fill (80 bytes)
Event: 0.445 Thread 0x0000020ca3959e70 nmethod 690 0x0000020c87cd4f10 code [0x0000020c87cd50e0, 0x0000020c87cd54e8]
Event: 0.445 Thread 0x0000020ca3959e70  692       3       java.util.HashMap::<init> (11 bytes)
Event: 0.445 Thread 0x0000020ca3959e70 nmethod 692 0x0000020c87cd5690 code [0x0000020c87cd5840, 0x0000020c87cd5a18]
Event: 0.445 Thread 0x0000020ca3959e70  695       3       java.nio.ByteBuffer::array (35 bytes)
Event: 0.445 Thread 0x0000020ca3959e70 nmethod 695 0x0000020c87cd5b10 code [0x0000020c87cd5ce0, 0x0000020c87cd5fb8]
Event: 0.445 Thread 0x0000020ca3959e70  691   !   3       java.util.zip.ZipFile$ZipFileInputStream::read (135 bytes)
Event: 0.445 Thread 0x0000020ca3959e70 nmethod 691 0x0000020c87cd6110 code [0x0000020c87cd6320, 0x0000020c87cd69b8]
Event: 0.445 Thread 0x0000020ca3959e70  693       1       com.mysql.cj.protocol.a.NativePacketPayload::getPosition (5 bytes)

GC Heap History (0 events):
No events

Dll operation events (5 events):
Event: 0.007 Loaded shared library C:\Users\Alessandro\Downloads\eclipse-jee-2023-06-R-win32-x86_64\eclipse\plugins\org.eclipse.justj.openjdk.hotspot.jre.full.win32.x86_64_17.0.7.v20230425-1502\jre\bin\java.dll
Event: 0.116 Loaded shared library C:\Users\Alessandro\Downloads\eclipse-jee-2023-06-R-win32-x86_64\eclipse\plugins\org.eclipse.justj.openjdk.hotspot.jre.full.win32.x86_64_17.0.7.v20230425-1502\jre\bin\jimage.dll
Event: 0.138 Loaded shared library C:\Users\Alessandro\Downloads\eclipse-jee-2023-06-R-win32-x86_64\eclipse\plugins\org.eclipse.justj.openjdk.hotspot.jre.full.win32.x86_64_17.0.7.v20230425-1502\jre\bin\zip.dll
Event: 0.174 Loaded shared library C:\Users\Alessandro\Downloads\eclipse-jee-2023-06-R-win32-x86_64\eclipse\plugins\org.eclipse.justj.openjdk.hotspot.jre.full.win32.x86_64_17.0.7.v20230425-1502\jre\bin\net.dll
Event: 0.176 Loaded shared library C:\Users\Alessandro\Downloads\eclipse-jee-2023-06-R-win32-x86_64\eclipse\plugins\org.eclipse.justj.openjdk.hotspot.jre.full.win32.x86_64_17.0.7.v20230425-1502\jre\bin\nio.dll

Deoptimization events (20 events):
Event: 0.289 Thread 0x0000020c82cfbc10 DEOPT PACKING pc=0x0000020c87bc6367 sp=0x0000004cc65fa450
Event: 0.289 Thread 0x0000020c82cfbc10 DEOPT UNPACKING pc=0x0000020c8f137143 sp=0x0000004cc65f9870 mode 0
Event: 0.304 Thread 0x0000020c82cfbc10 DEOPT PACKING pc=0x0000020c87bc56d1 sp=0x0000004cc65fe220
Event: 0.304 Thread 0x0000020c82cfbc10 DEOPT UNPACKING pc=0x0000020c8f137143 sp=0x0000004cc65fd698 mode 0
Event: 0.306 Thread 0x0000020c82cfbc10 DEOPT PACKING pc=0x0000020c87c15d3e sp=0x0000004cc65fa930
Event: 0.306 Thread 0x0000020c82cfbc10 DEOPT UNPACKING pc=0x0000020c8f137143 sp=0x0000004cc65f9dd0 mode 0
Event: 0.338 Thread 0x0000020c82cfbc10 Uncommon trap: trap_request=0xffffff45 fr.pc=0x0000020c8f6a0840 relative=0x0000000000001380
Event: 0.338 Thread 0x0000020c82cfbc10 Uncommon trap: reason=unstable_if action=reinterpret pc=0x0000020c8f6a0840 method=java.lang.String.<init>([CIILjava/lang/Void;)V @ 5 c2
Event: 0.338 Thread 0x0000020c82cfbc10 DEOPT PACKING pc=0x0000020c8f6a0840 sp=0x0000004cc65fcd20
Event: 0.338 Thread 0x0000020c82cfbc10 DEOPT UNPACKING pc=0x0000020c8f1369a3 sp=0x0000004cc65fcc00 mode 2
Event: 0.338 Thread 0x0000020c82cfbc10 DEOPT PACKING pc=0x0000020c87c14265 sp=0x0000004cc65fccf0
Event: 0.338 Thread 0x0000020c82cfbc10 DEOPT UNPACKING pc=0x0000020c8f137143 sp=0x0000004cc65fc1e8 mode 0
Event: 0.338 Thread 0x0000020c82cfbc10 DEOPT PACKING pc=0x0000020c87c14244 sp=0x0000004cc65fccf0
Event: 0.338 Thread 0x0000020c82cfbc10 DEOPT UNPACKING pc=0x0000020c8f137143 sp=0x0000004cc65fc1e8 mode 0
Event: 0.355 Thread 0x0000020c82cfbc10 DEOPT PACKING pc=0x0000020c87bff4e5 sp=0x0000004cc65fa150
Event: 0.355 Thread 0x0000020c82cfbc10 DEOPT UNPACKING pc=0x0000020c8f137143 sp=0x0000004cc65f95a0 mode 0
Event: 0.426 Thread 0x0000020c82cfbc10 Uncommon trap: trap_request=0xffffff45 fr.pc=0x0000020c8f6ace70 relative=0x0000000000000250
Event: 0.426 Thread 0x0000020c82cfbc10 Uncommon trap: reason=unstable_if action=reinterpret pc=0x0000020c8f6ace70 method=java.lang.String.startsWith(Ljava/lang/String;I)Z @ 1 c2
Event: 0.426 Thread 0x0000020c82cfbc10 DEOPT PACKING pc=0x0000020c8f6ace70 sp=0x0000004cc65fd900
Event: 0.426 Thread 0x0000020c82cfbc10 DEOPT UNPACKING pc=0x0000020c8f1369a3 sp=0x0000004cc65fd868 mode 2

Classes unloaded (0 events):
No events

Classes redefined (0 events):
No events

Internal exceptions (6 events):
Event: 0.230 Thread 0x0000020c82cfbc10 Exception <a 'java/lang/NoSuchMethodError'{0x0000000710b96438}: 'java.lang.Object java.lang.invoke.DirectMethodHandle$Holder.invokeStaticInit(java.lang.Object)'> (0x0000000710b96438) 
thrown [s\src\hotspot\share\interpreter\linkResolver.cpp, line 759]
Event: 0.231 Thread 0x0000020c82cfbc10 Exception <a 'java/lang/NoSuchMethodError'{0x0000000710b9c598}: 'java.lang.Object java.lang.invoke.DirectMethodHandle$Holder.invokeInterface(java.lang.Object, java.lang.Object)'> (0x0000000710b9c598) 
thrown [s\src\hotspot\share\interpreter\linkResolver.cpp, line 759]
Event: 0.263 Thread 0x0000020c82cfbc10 Exception <a 'java/lang/NoSuchMethodError'{0x000000071081df10}: 'void java.lang.invoke.DirectMethodHandle$Holder.invokeSpecial(java.lang.Object, java.lang.Object, java.lang.Object)'> (0x000000071081df10) 
thrown [s\src\hotspot\share\interpreter\linkResolver.cpp, line 759]
Event: 0.264 Thread 0x0000020c82cfbc10 Exception <a 'java/lang/NoSuchMethodError'{0x0000000710824aa0}: 'void java.lang.invoke.DirectMethodHandle$Holder.invokeStatic(java.lang.Object, java.lang.Object, java.lang.Object)'> (0x0000000710824aa0) 
thrown [s\src\hotspot\share\interpreter\linkResolver.cpp, line 759]
Event: 0.266 Thread 0x0000020c82cfbc10 Exception <a 'java/lang/NoSuchMethodError'{0x000000071082ee00}: 'java.lang.Object java.lang.invoke.DirectMethodHandle$Holder.invokeVirtual(java.lang.Object, java.lang.Object, java.lang.Object)'> (0x000000071082ee00) 
thrown [s\src\hotspot\share\interpreter\linkResolver.cpp, line 759]
Event: 0.346 Thread 0x0000020c82cfbc10 Exception <a 'java/lang/NoSuchMethodError'{0x00000007107a0b80}: 'void java.lang.invoke.DirectMethodHandle$Holder.invokeStatic(java.lang.Object, java.lang.Object)'> (0x00000007107a0b80) 
thrown [s\src\hotspot\share\interpreter\linkResolver.cpp, line 759]

VM Operations (6 events):
Event: 0.186 Executing VM operation: HandshakeAllThreads
Event: 0.186 Executing VM operation: HandshakeAllThreads done
Event: 0.198 Executing VM operation: HandshakeAllThreads
Event: 0.198 Executing VM operation: HandshakeAllThreads done
Event: 0.330 Executing VM operation: HandshakeAllThreads
Event: 0.330 Executing VM operation: HandshakeAllThreads done

Events (20 events):
Event: 0.435 loading class java/lang/constant/MethodTypeDescImpl
Event: 0.435 loading class java/lang/constant/MethodTypeDescImpl done
Event: 0.435 loading class java/lang/constant/MethodHandleDesc
Event: 0.436 loading class java/lang/constant/MethodHandleDesc done
Event: 0.436 loading class java/lang/constant/MethodHandleDesc$1
Event: 0.436 loading class java/lang/constant/MethodHandleDesc$1 done
Event: 0.436 loading class java/lang/constant/DirectMethodHandleDescImpl
Event: 0.436 loading class java/lang/constant/DirectMethodHandleDesc
Event: 0.436 loading class java/lang/constant/DirectMethodHandleDesc done
Event: 0.436 loading class java/lang/constant/DirectMethodHandleDescImpl done
Event: 0.436 loading class java/lang/constant/DirectMethodHandleDescImpl$1
Event: 0.436 loading class java/lang/constant/DirectMethodHandleDescImpl$1 done
Event: 0.436 loading class java/lang/constant/DirectMethodHandleDesc$1
Event: 0.436 loading class java/lang/constant/DirectMethodHandleDesc$1 done
Event: 0.436 loading class java/lang/constant/PrimitiveClassDescImpl
Event: 0.436 loading class java/lang/constant/DynamicConstantDesc
Event: 0.436 loading class java/lang/constant/DynamicConstantDesc done
Event: 0.436 loading class java/lang/constant/PrimitiveClassDescImpl done
Event: 0.436 loading class java/lang/constant/DynamicConstantDesc$AnonymousDynamicConstantDesc
Event: 0.436 loading class java/lang/constant/DynamicConstantDesc$AnonymousDynamicConstantDesc done


Dynamic libraries:
0x00007ff712670000 - 0x00007ff71267e000 	C:\Users\Alessandro\Downloads\eclipse-jee-2023-06-R-win32-x86_64\eclipse\plugins\org.eclipse.justj.openjdk.hotspot.jre.full.win32.x86_64_17.0.7.v20230425-1502\jre\bin\javaw.exe
0x00007ff8ada10000 - 0x00007ff8adc08000 	C:\WINDOWS\SYSTEM32\ntdll.dll
0x00007ff8abf20000 - 0x00007ff8abfdd000 	C:\WINDOWS\System32\KERNEL32.DLL
0x00007ff8ab0f0000 - 0x00007ff8ab3e6000 	C:\WINDOWS\System32\KERNELBASE.dll
0x00007ff8ab6f0000 - 0x00007ff8ab7f0000 	C:\WINDOWS\System32\ucrtbase.dll
0x00007ff8956f0000 - 0x00007ff895709000 	C:\Users\Alessandro\Downloads\eclipse-jee-2023-06-R-win32-x86_64\eclipse\plugins\org.eclipse.justj.openjdk.hotspot.jre.full.win32.x86_64_17.0.7.v20230425-1502\jre\bin\VCRUNTIME140.dll
0x00007ff895690000 - 0x00007ff8956a7000 	C:\Users\Alessandro\Downloads\eclipse-jee-2023-06-R-win32-x86_64\eclipse\plugins\org.eclipse.justj.openjdk.hotspot.jre.full.win32.x86_64_17.0.7.v20230425-1502\jre\bin\jli.dll
0x00007ff8ad000000 - 0x00007ff8ad19e000 	C:\WINDOWS\System32\USER32.dll
0x00007ff88f490000 - 0x00007ff88f72a000 	C:\WINDOWS\WinSxS\amd64_microsoft.windows.common-controls_6595b64144ccf1df_6.0.19041.1110_none_60b5254171f9507e\COMCTL32.dll
0x00007ff8abdc0000 - 0x00007ff8abe5e000 	C:\WINDOWS\System32\msvcrt.dll
0x00007ff8ad250000 - 0x00007ff8ad27c000 	C:\WINDOWS\System32\GDI32.dll
0x00007ff8ab5e0000 - 0x00007ff8ab602000 	C:\WINDOWS\System32\win32u.dll
0x00007ff8ab950000 - 0x00007ff8aba6a000 	C:\WINDOWS\System32\gdi32full.dll
0x00007ff8ab540000 - 0x00007ff8ab5dd000 	C:\WINDOWS\System32\msvcp_win.dll
0x00007ff8ac6b0000 - 0x00007ff8ac6e0000 	C:\WINDOWS\System32\IMM32.DLL
0x00007ff89fcd0000 - 0x00007ff89fcdc000 	C:\Users\Alessandro\Downloads\eclipse-jee-2023-06-R-win32-x86_64\eclipse\plugins\org.eclipse.justj.openjdk.hotspot.jre.full.win32.x86_64_17.0.7.v20230425-1502\jre\bin\vcruntime140_1.dll
0x00007ff86a320000 - 0x00007ff86a3b1000 	C:\Users\Alessandro\Downloads\eclipse-jee-2023-06-R-win32-x86_64\eclipse\plugins\org.eclipse.justj.openjdk.hotspot.jre.full.win32.x86_64_17.0.7.v20230425-1502\jre\bin\msvcp140.dll
0x00007ff83a1e0000 - 0x00007ff83ae28000 	C:\Users\Alessandro\Downloads\eclipse-jee-2023-06-R-win32-x86_64\eclipse\plugins\org.eclipse.justj.openjdk.hotspot.jre.full.win32.x86_64_17.0.7.v20230425-1502\jre\bin\server\jvm.dll
0x00007ff8abe60000 - 0x00007ff8abf0e000 	C:\WINDOWS\System32\ADVAPI32.dll
0x00007ff8ace60000 - 0x00007ff8acefc000 	C:\WINDOWS\System32\sechost.dll
0x00007ff8acd30000 - 0x00007ff8ace56000 	C:\WINDOWS\System32\RPCRT4.dll
0x00007ff897a60000 - 0x00007ff897a69000 	C:\WINDOWS\SYSTEM32\WSOCK32.dll
0x00007ff8acf00000 - 0x00007ff8acf6b000 	C:\WINDOWS\System32\WS2_32.dll
0x00007ff899810000 - 0x00007ff899837000 	C:\WINDOWS\SYSTEM32\WINMM.dll
0x00007ff8a51f0000 - 0x00007ff8a51fa000 	C:\WINDOWS\SYSTEM32\VERSION.dll
0x00007ff8a9930000 - 0x00007ff8a9942000 	C:\WINDOWS\SYSTEM32\kernel.appcore.dll
0x00007ff89e340000 - 0x00007ff89e34a000 	C:\Users\Alessandro\Downloads\eclipse-jee-2023-06-R-win32-x86_64\eclipse\plugins\org.eclipse.justj.openjdk.hotspot.jre.full.win32.x86_64_17.0.7.v20230425-1502\jre\bin\jimage.dll
0x00007ff8a4320000 - 0x00007ff8a4504000 	C:\WINDOWS\SYSTEM32\DBGHELP.DLL
0x00007ff8a42c0000 - 0x00007ff8a42f4000 	C:\WINDOWS\SYSTEM32\dbgcore.DLL
0x00007ff8ab460000 - 0x00007ff8ab4e2000 	C:\WINDOWS\System32\bcryptPrimitives.dll
0x00007ff884c70000 - 0x00007ff884c95000 	C:\Users\Alessandro\Downloads\eclipse-jee-2023-06-R-win32-x86_64\eclipse\plugins\org.eclipse.justj.openjdk.hotspot.jre.full.win32.x86_64_17.0.7.v20230425-1502\jre\bin\java.dll
0x00007ff89b090000 - 0x00007ff89b0a8000 	C:\Users\Alessandro\Downloads\eclipse-jee-2023-06-R-win32-x86_64\eclipse\plugins\org.eclipse.justj.openjdk.hotspot.jre.full.win32.x86_64_17.0.7.v20230425-1502\jre\bin\zip.dll
0x00007ff8ad280000 - 0x00007ff8ad9c5000 	C:\WINDOWS\System32\SHELL32.dll
0x00007ff8a9180000 - 0x00007ff8a991b000 	C:\WINDOWS\SYSTEM32\windows.storage.dll
0x00007ff8abfe0000 - 0x00007ff8ac334000 	C:\WINDOWS\System32\combase.dll
0x00007ff8aab30000 - 0x00007ff8aab5e000 	C:\WINDOWS\SYSTEM32\Wldp.dll
0x00007ff8ac5f0000 - 0x00007ff8ac69d000 	C:\WINDOWS\System32\SHCORE.dll
0x00007ff8abd00000 - 0x00007ff8abd55000 	C:\WINDOWS\System32\shlwapi.dll
0x00007ff8ab020000 - 0x00007ff8ab045000 	C:\WINDOWS\SYSTEM32\profapi.dll
0x00007ff880d70000 - 0x00007ff880d89000 	C:\Users\Alessandro\Downloads\eclipse-jee-2023-06-R-win32-x86_64\eclipse\plugins\org.eclipse.justj.openjdk.hotspot.jre.full.win32.x86_64_17.0.7.v20230425-1502\jre\bin\net.dll
0x00007ff8a5450000 - 0x00007ff8a555a000 	C:\WINDOWS\SYSTEM32\WINHTTP.dll
0x00007ff8aa890000 - 0x00007ff8aa8fa000 	C:\WINDOWS\system32\mswsock.dll
0x00007ff880d40000 - 0x00007ff880d55000 	C:\Users\Alessandro\Downloads\eclipse-jee-2023-06-R-win32-x86_64\eclipse\plugins\org.eclipse.justj.openjdk.hotspot.jre.full.win32.x86_64_17.0.7.v20230425-1502\jre\bin\nio.dll
0x00007ff8aa580000 - 0x00007ff8aa64a000 	C:\WINDOWS\SYSTEM32\DNSAPI.dll
0x00007ff8aa530000 - 0x00007ff8aa56b000 	C:\WINDOWS\SYSTEM32\IPHLPAPI.DLL
0x00007ff8ac6a0000 - 0x00007ff8ac6a8000 	C:\WINDOWS\System32\NSI.dll
0x00007ff89d460000 - 0x00007ff89d46a000 	C:\Windows\System32\rasadhlp.dll
0x00007ff8a3630000 - 0x00007ff8a36b2000 	C:\WINDOWS\System32\fwpuclnt.dll
0x00007ff8ab6c0000 - 0x00007ff8ab6e7000 	C:\WINDOWS\System32\bcrypt.dll

dbghelp: loaded successfully - version: 4.0.5 - missing functions: none
symbol engine: initialized successfully - sym options: 0x614 - pdb path: .;C:\Users\Alessandro\Downloads\eclipse-jee-2023-06-R-win32-x86_64\eclipse\plugins\org.eclipse.justj.openjdk.hotspot.jre.full.win32.x86_64_17.0.7.v20230425-1502\jre\bin;C:\WINDOWS\SYSTEM32;C:\WINDOWS\WinSxS\amd64_microsoft.windows.common-controls_6595b64144ccf1df_6.0.19041.1110_none_60b5254171f9507e;C:\Users\Alessandro\Downloads\eclipse-jee-2023-06-R-win32-x86_64\eclipse\plugins\org.eclipse.justj.openjdk.hotspot.jre.full.win32.x86_64_17.0.7.v20230425-1502\jre\bin\server

VM Arguments:
jvm_args: -Dfile.encoding=UTF-8 -XX:+ShowCodeDetailsInExceptionMessages 
java_command: org.java.nation.Main
java_class_path (initial): C:\Users\Alessandro\Desktop\Java\db-nations\target\classes;C:\Users\Alessandro\.m2\repository\com\mysql\mysql-connector-j\8.0.33\mysql-connector-j-8.0.33.jar;C:\Users\Alessandro\.m2\repository\com\google\protobuf\protobuf-java\3.21.9\protobuf-java-3.21.9.jar
Launcher Type: SUN_STANDARD

[Global flags]
     intx CICompilerCount                          = 4                                         {product} {ergonomic}
     uint ConcGCThreads                            = 2                                         {product} {ergonomic}
     uint G1ConcRefinementThreads                  = 8                                         {product} {ergonomic}
   size_t G1HeapRegionSize                         = 2097152                                   {product} {ergonomic}
    uintx GCDrainStackTargetSize                   = 64                                        {product} {ergonomic}
   size_t InitialHeapSize                          = 268435456                                 {product} {ergonomic}
   size_t MarkStackSize                            = 4194304                                   {product} {ergonomic}
   size_t MaxHeapSize                              = 4280287232                                {product} {ergonomic}
   size_t MaxNewSize                               = 2566914048                                {product} {ergonomic}
   size_t MinHeapDeltaBytes                        = 2097152                                   {product} {ergonomic}
   size_t MinHeapSize                              = 8388608                                   {product} {ergonomic}
    uintx NonNMethodCodeHeapSize                   = 5839372                                {pd product} {ergonomic}
    uintx NonProfiledCodeHeapSize                  = 122909434                              {pd product} {ergonomic}
    uintx ProfiledCodeHeapSize                     = 122909434                              {pd product} {ergonomic}
    uintx ReservedCodeCacheSize                    = 251658240                              {pd product} {ergonomic}
     bool SegmentedCodeCache                       = true                                      {product} {ergonomic}
     bool ShowCodeDetailsInExceptionMessages       = true                                   {manageable} {command line}
   size_t SoftMaxHeapSize                          = 4280287232                             {manageable} {ergonomic}
     bool UseCompressedClassPointers               = true                           {product lp64_product} {ergonomic}
     bool UseCompressedOops                        = true                           {product lp64_product} {ergonomic}
     bool UseG1GC                                  = true                                      {product} {ergonomic}
     bool UseLargePagesIndividualAllocation        = false                                  {pd product} {ergonomic}

Logging:
Log output configuration:
 #0: stdout all=warning uptime,level,tags
 #1: stderr all=off uptime,level,tags

Environment Variables:
PATH=C:/Users/Alessandro/Downloads/eclipse-jee-2023-06-R-win32-x86_64/eclipse//plugins/org.eclipse.justj.openjdk.hotspot.jre.full.win32.x86_64_17.0.7.v20230425-1502/jre/bin/server;C:/Users/Alessandro/Downloads/eclipse-jee-2023-06-R-win32-x86_64/eclipse//plugins/org.eclipse.justj.openjdk.hotspot.jre.full.win32.x86_64_17.0.7.v20230425-1502/jre/bin;C:\Program Files\Smart Projects\IsoBuster;C:\ProgramData\Oracle\Java\javapath;C:\Windows\system32;C:\Windows;C:\Windows\System32\Wbem;C:\Windows\System32\WindowsPowerShell\v1.0\;C:\Program Files (x86)\NVIDIA Corporation\PhysX\Common;C:\WINDOWS\system32;C:\WINDOWS;C:\WINDOWS\System32\Wbem;C:\WINDOWS\System32\WindowsPowerShell\v1.0\;C:\WINDOWS\System32\OpenSSH\;C:\Program Files\nodejs\;C:\Program Files (x86)\dotnet\;C:\MAMP\bin\php\php8.1.0;C:\ProgramData\ComposerSetup\bin;C:\Program Files\Git\cmd;C:\Users\Alessandro\AppData\Local\Microsoft\WindowsApps;C:\Users\Alessandro\AppData\Local\Programs\OCTGN\;C:\Users\Alessandro\AppData\Roaming\npm;C:\Users\Alessandro\AppData\Roaming\Composer\vendor\bin;C:\Users\Alessandro\Downloads\eclipse-jee-2023-06-R-win32-x86_64\eclipse;
USERNAME=Alessandro
OS=Windows_NT
PROCESSOR_IDENTIFIER=Intel64 Family 6 Model 60 Stepping 3, GenuineIntel
TMP=C:\Users\Alessandro\AppData\Local\Temp
TEMP=C:\Users\Alessandro\AppData\Local\Temp



---------------  S Y S T E M  ---------------

OS:
 Windows 10 , 64 bit Build 19041 (10.0.19041.3393)
OS uptime: 12 days 21:12 hours

CPU: total 8 (initial active 8) (4 cores per cpu, 2 threads per core) family 6 model 60 stepping 3 microcode 0x27, cx8, cmov, fxsr, ht, mmx, sse, sse2, sse3, ssse3, sse4.1, sse4.2, popcnt, lzcnt, tsc, tscinvbit, avx, avx2, aes, erms, clmul, bmi1, bmi2, fma, vzeroupper, clflush

Memory: 4k page, system-wide physical 16326M (7694M free)
TotalPageFile size 17350M (AvailPageFile size 2M)
current process WorkingSet (physical memory assigned to process): 61M, peak: 61M
current process commit charge ("private bytes"): 353M, peak: 353M

vm_info: OpenJDK 64-Bit Server VM (17.0.7+7) for windows-amd64 JRE (17.0.7+7), built on Apr 18 2023 22:10:42 by "temurin" with MS VC++ 16.7 (VS2019)

END.
